<?xml version="1.0" encoding="UTF-8"?>
<!-- Generated by org.testng.reporters.JUnitXMLReporter -->
<testsuite ignored="0" hostname="Simon" failures="0" tests="3" name="Default test" time="22.241" errors="0" timestamp="2026-01-06T12:16:26 IST">
  <testcase classname="qedge.Sept17.FirstTestNG" name="Customers" time="0.593"/>
  <testcase classname="qedge.Sept17.FirstTestNG" name="Purchases" time="0.708"/>
  <testcase classname="qedge.Sept17.FirstTestNG" name="suppliers" time="0.726"/>
</testsuite> <!-- Default test -->
